[2021-09-0611:44:05] [ DEBUG] [OdontologoDaoH2:26] Registrando nuevo odontologo : Odontologo{id=null, nombre='Santiago', apellido='Paz', matricula=3455647}
[2021-09-0611:44:05] [ DEBUG] [OdontologoDaoH2:71] Borrando odontologo con id : 1
[2021-09-0611:44:05] [ DEBUG] [OdontologoDaoH2:49] Buscando odontologo con id : 1
[2021-09-0611:44:05] [ DEBUG] [OdontologoDaoH2:26] Registrando nuevo odontologo : Odontologo{id=null, nombre='Juan', apellido='Ramirez', matricula=348971960}
[2021-09-0611:44:05] [ DEBUG] [OdontologoDaoH2:88] Buscando todos los odontologos
[2021-09-0611:44:17] [ DEBUG] [PacienteDaoH2:32] Registrando paciente : Paciente{id=null, nombre='Santiago', apellido='Paz', dni='88888888', fechaIngreso=Mon Sep 06 11:44:17 COT 2021, domicilio=Domicilio{id=null, calle='Av Santa fe', numero='444', localidad='CABA', provincia='Buenos Aires'}}
[2021-09-0611:44:17] [ DEBUG] [PacienteDaoH2:32] Registrando paciente : Paciente{id=null, nombre='Micaela', apellido='Perez', dni='99999999', fechaIngreso=Mon Sep 06 11:44:17 COT 2021, domicilio=Domicilio{id=1, calle='Av Santa fe', numero='444', localidad='CABA', provincia='Buenos Aires'}}
[2021-09-0611:44:17] [ DEBUG] [PacienteDaoH2:32] Registrando paciente : Paciente{id=null, nombre='Tomas', apellido='Pereyra', dni='12345678', fechaIngreso=Mon Sep 06 11:44:17 COT 2021, domicilio=Domicilio{id=null, calle='Calle', numero='123', localidad='Temperley', provincia='Buenos Aires'}}
[2021-09-0611:44:17] [ DEBUG] [PacienteDaoH2:53] Buscando paciente con id  : 3
[2021-09-0611:44:17] [ DEBUG] [PacienteDaoH2:77] Eliminando paciente con id  : 3
[2021-09-0611:44:17] [ DEBUG] [PacienteDaoH2:53] Buscando paciente con id  : 3
[2021-09-0611:44:17] [ DEBUG] [PacienteDaoH2:86] Buscando todos los pacientes
[2021-09-0612:41:33] [ DEBUG] [PacienteDaoH2:32] Registrando paciente : Paciente{id=null, nombre='Ignacio', apellido='Vivas', dni='123', fechaIngreso=Mon Sep 06 12:41:33 COT 2021, domicilio=Domicilio{id=null, calle='calle las palmas', numero='153', localidad='Morón', provincia='Buenos Aires'}}
[2021-09-0612:43:50] [ DEBUG] [PacienteDaoH2:32] Registrando paciente : Paciente{id=null, nombre='Ignacio2', apellido='Vivas', dni='123', fechaIngreso=Mon Sep 06 12:43:50 COT 2021, domicilio=Domicilio{id=null, calle='calle las palmas', numero='153', localidad='Morón', provincia='Buenos Aires'}}
[2021-09-0612:44:13] [ DEBUG] [PacienteDaoH2:32] Registrando paciente : Paciente{id=null, nombre='Ignacio', apellido='Vivas', dni='123', fechaIngreso=Mon Sep 06 12:44:13 COT 2021, domicilio=Domicilio{id=null, calle='calle las palmas', numero='153', localidad='Morón', provincia='Buenos Aires'}}
[2021-09-0613:12:26] [ DEBUG] [PacienteDaoH2:86] Buscando todos los pacientes
[2021-09-0613:29:20] [ DEBUG] [PacienteDaoH2:32] Registrando paciente : Paciente{id=null, nombre='Ignacio', apellido='Vivas', dni='123', fechaIngreso=Mon Sep 06 13:29:20 COT 2021, domicilio=Domicilio{id=null, calle='calle las palmas', numero='153', localidad='Morón', provincia='Buenos Aires'}}
[2021-09-0613:29:25] [ DEBUG] [PacienteDaoH2:86] Buscando todos los pacientes
[2021-09-0613:29:34] [ DEBUG] [PacienteDaoH2:32] Registrando paciente : Paciente{id=null, nombre='Ignacio2', apellido='Vivas', dni='123', fechaIngreso=Mon Sep 06 13:29:34 COT 2021, domicilio=Domicilio{id=null, calle='calle las palmas', numero='153', localidad='Morón', provincia='Buenos Aires'}}
[2021-09-0613:29:38] [ DEBUG] [PacienteDaoH2:86] Buscando todos los pacientes
[2021-09-0613:46:44] [ DEBUG] [PacienteDaoH2:85] Buscando todos los pacientes
[2021-09-0613:47:41] [ DEBUG] [PacienteDaoH2:32] Registrando paciente : Paciente{id=null, nombre='Ignacio2', apellido='Vivas', dni='123', fechaIngreso=Mon Sep 06 13:47:41 COT 2021, domicilio=Domicilio{id=null, calle='calle las palmas', numero='153', localidad='Morón', provincia='Buenos Aires'}}
[2021-09-0613:47:46] [ DEBUG] [PacienteDaoH2:32] Registrando paciente : Paciente{id=null, nombre='Ignacio1', apellido='Vivas', dni='123', fechaIngreso=Mon Sep 06 13:47:46 COT 2021, domicilio=Domicilio{id=null, calle='calle las palmas', numero='153', localidad='Morón', provincia='Buenos Aires'}}
[2021-09-0613:47:52] [ DEBUG] [PacienteDaoH2:85] Buscando todos los pacientes
[2021-09-0614:00:41] [ DEBUG] [PacienteDaoH2:53] Buscando paciente con id  : 2
[2021-09-0614:33:53] [ DEBUG] [PacienteDaoH2:85] Buscando todos los pacientes
[2021-09-0614:35:03] [ DEBUG] [PacienteDaoH2:85] Buscando todos los pacientes
[2021-09-0614:38:29] [ DEBUG] [OdontologoDaoH2:30] Registrando nuevo odontologo : Odontologo{id=null, nombre='Santiago', apellido='Paz', matricula=3455647}
[2021-09-0614:38:29] [ DEBUG] [OdontologoDaoH2:75] Borrando odontologo con id : 1
[2021-09-0614:38:29] [ DEBUG] [OdontologoDaoH2:53] Buscando odontologo con id : 1
[2021-09-0614:38:29] [ DEBUG] [OdontologoDaoH2:30] Registrando nuevo odontologo : Odontologo{id=null, nombre='Juan', apellido='Ramirez', matricula=348971960}
[2021-09-0614:38:29] [ DEBUG] [OdontologoDaoH2:92] Buscando todos los odontologos
[2021-09-0614:38:37] [ DEBUG] [PacienteDaoH2:32] Registrando paciente : Paciente{id=null, nombre='Santiago', apellido='Paz', dni='88888888', fechaIngreso=Mon Sep 06 14:38:37 COT 2021, domicilio=Domicilio{id=null, calle='Av Santa fe', numero='444', localidad='CABA', provincia='Buenos Aires'}}
[2021-09-0614:38:38] [ DEBUG] [PacienteDaoH2:32] Registrando paciente : Paciente{id=null, nombre='Micaela', apellido='Perez', dni='99999999', fechaIngreso=Mon Sep 06 14:38:38 COT 2021, domicilio=Domicilio{id=1, calle='Av Santa fe', numero='444', localidad='CABA', provincia='Buenos Aires'}}
[2021-09-0614:38:38] [ DEBUG] [PacienteDaoH2:32] Registrando paciente : Paciente{id=null, nombre='Tomas', apellido='Pereyra', dni='12345678', fechaIngreso=Mon Sep 06 14:38:38 COT 2021, domicilio=Domicilio{id=null, calle='Calle', numero='123', localidad='Temperley', provincia='Buenos Aires'}}
[2021-09-0614:38:38] [ DEBUG] [PacienteDaoH2:53] Buscando paciente con id  : 3
[2021-09-0614:38:38] [ DEBUG] [PacienteDaoH2:76] Eliminando paciente con id  : 3
[2021-09-0614:38:38] [ DEBUG] [PacienteDaoH2:53] Buscando paciente con id  : 3
[2021-09-0614:38:38] [ DEBUG] [PacienteDaoH2:85] Buscando todos los pacientes
[2021-09-0614:50:47] [ DEBUG] [PacienteDaoH2:32] Registrando paciente : Paciente{id=null, nombre='Ignacio2', apellido='Vivas', dni='123', fechaIngreso=Mon Sep 06 14:50:47 COT 2021, domicilio=Domicilio{id=null, calle='calle las palmas', numero='153', localidad='Morón', provincia='Buenos Aires'}}
[2021-09-0614:50:52] [ DEBUG] [PacienteDaoH2:32] Registrando paciente : Paciente{id=null, nombre='Ignacio1', apellido='Vivas', dni='123', fechaIngreso=Mon Sep 06 14:50:52 COT 2021, domicilio=Domicilio{id=null, calle='calle las palmas', numero='153', localidad='Morón', provincia='Buenos Aires'}}
[2021-09-0614:50:56] [ DEBUG] [PacienteDaoH2:32] Registrando paciente : Paciente{id=null, nombre='Ignacio3', apellido='Vivas', dni='123', fechaIngreso=Mon Sep 06 14:50:56 COT 2021, domicilio=Domicilio{id=null, calle='calle las palmas', numero='153', localidad='Morón', provincia='Buenos Aires'}}
[2021-09-0614:51:04] [ DEBUG] [PacienteDaoH2:85] Buscando todos los pacientes
[2021-09-0615:04:15] [ DEBUG] [PacienteDaoH2:32] Registrando paciente : Paciente{id=null, nombre='Santiago', apellido='Paz', dni='88888888', fechaIngreso=Mon Sep 06 15:04:15 COT 2021, domicilio=Domicilio{id=null, calle='Av Santa fe', numero='444', localidad='CABA', provincia='Buenos Aires'}}
[2021-09-0615:04:16] [ DEBUG] [PacienteDaoH2:32] Registrando paciente : Paciente{id=null, nombre='Micaela', apellido='Perez', dni='99999999', fechaIngreso=Mon Sep 06 15:04:16 COT 2021, domicilio=Domicilio{id=1, calle='Av Santa fe', numero='444', localidad='CABA', provincia='Buenos Aires'}}
[2021-09-0615:04:16] [ DEBUG] [PacienteDaoH2:32] Registrando paciente : Paciente{id=null, nombre='Tomas', apellido='Pereyra', dni='12345678', fechaIngreso=Mon Sep 06 15:04:16 COT 2021, domicilio=Domicilio{id=null, calle='Calle', numero='123', localidad='Temperley', provincia='Buenos Aires'}}
[2021-09-0615:04:16] [ DEBUG] [PacienteDaoH2:53] Buscando paciente con id  : 3
[2021-09-0615:04:16] [ DEBUG] [PacienteDaoH2:76] Eliminando paciente con id  : 3
[2021-09-0615:04:16] [ DEBUG] [PacienteDaoH2:53] Buscando paciente con id  : 3
[2021-09-0615:04:16] [ DEBUG] [PacienteDaoH2:85] Buscando todos los pacientes
[2021-09-0615:04:31] [ DEBUG] [PacienteDaoH2:85] Buscando todos los pacientes
[2021-09-0615:07:18] [ DEBUG] [PacienteDaoH2:53] Buscando paciente con id  : 2
[2021-09-0615:07:18] [ DEBUG] [PacienteDaoH2:109] Actualizando un paciente: Paciente{id=2, nombre='Ignacio5', apellido='Vivas', dni='123', fechaIngreso=Wed Aug 05 19:00:00 COT 2020, domicilio=Domicilio{id=null, calle='calle las palmas', numero='153', localidad='Morón', provincia='Buenos Aires'}}
[2021-09-0615:07:26] [ DEBUG] [PacienteDaoH2:85] Buscando todos los pacientes
[2021-09-0615:07:38] [ DEBUG] [PacienteDaoH2:53] Buscando paciente con id  : 2
[2021-09-0615:07:38] [ DEBUG] [PacienteDaoH2:109] Actualizando un paciente: Paciente{id=2, nombre='Ignacio10', apellido='Vivas', dni='123', fechaIngreso=Wed Aug 05 19:00:00 COT 2020, domicilio=Domicilio{id=null, calle='calle las palmas', numero='153', localidad='Morón', provincia='Buenos Aires'}}
[2021-09-0615:07:45] [ DEBUG] [PacienteDaoH2:85] Buscando todos los pacientes
[2021-09-0615:08:12] [ DEBUG] [PacienteDaoH2:53] Buscando paciente con id  : 2
[2021-09-0615:08:12] [ DEBUG] [PacienteDaoH2:109] Actualizando un paciente: Paciente{id=2, nombre='Ignacio10', apellido='Vivas', dni='123', fechaIngreso=Wed Aug 05 19:00:00 COT 2020, domicilio=Domicilio{id=null, calle='calle las palmas', numero='153', localidad='Morón', provincia='Buenos Aires'}}
[2021-09-0615:08:18] [ DEBUG] [PacienteDaoH2:85] Buscando todos los pacientes
[2021-09-0615:08:47] [ DEBUG] [PacienteDaoH2:53] Buscando paciente con id  : 2
[2021-09-0615:11:17] [ DEBUG] [PacienteDaoH2:53] Buscando paciente con id  : 2
[2021-09-0615:11:17] [ DEBUG] [PacienteDaoH2:76] Eliminando paciente con id  : 2
[2021-09-0615:11:24] [ DEBUG] [PacienteDaoH2:85] Buscando todos los pacientes
[2021-09-0615:11:56] [ DEBUG] [PacienteDaoH2:85] Buscando todos los pacientes
[2021-09-0910:49:14] [ DEBUG] [OdontologoDaoH2:92] Buscando todos los odontologos
[2021-09-0910:49:16] [ DEBUG] [OdontologoDaoH2:92] Buscando todos los odontologos
[2021-09-0910:50:07] [ DEBUG] [OdontologoDaoH2:92] Buscando todos los odontologos
[2021-09-0910:50:09] [ DEBUG] [OdontologoDaoH2:92] Buscando todos los odontologos
[2021-09-0910:50:12] [ DEBUG] [OdontologoDaoH2:92] Buscando todos los odontologos
[2021-09-0910:50:42] [ DEBUG] [OdontologoDaoH2:92] Buscando todos los odontologos
[2021-09-0910:50:52] [ DEBUG] [OdontologoDaoH2:92] Buscando todos los odontologos
[2021-09-0910:51:25] [ DEBUG] [OdontologoDaoH2:92] Buscando todos los odontologos
[2021-09-0910:51:30] [ DEBUG] [OdontologoDaoH2:92] Buscando todos los odontologos
[2021-09-0910:52:28] [ DEBUG] [OdontologoDaoH2:92] Buscando todos los odontologos
[2021-09-0910:52:29] [ DEBUG] [OdontologoDaoH2:92] Buscando todos los odontologos
[2021-09-0910:52:41] [ DEBUG] [PacienteDaoH2:85] Buscando todos los pacientes
[2021-09-0918:06:03] [ DEBUG] [OdontologoDaoH2:92] Buscando todos los odontologos
[2021-09-0918:17:49] [ DEBUG] [OdontologoDaoH2:92] Buscando todos los odontologos
[2021-09-0918:27:33] [ DEBUG] [OdontologoDaoH2:92] Buscando todos los odontologos
[2021-09-0918:27:41] [ DEBUG] [OdontologoDaoH2:92] Buscando todos los odontologos
[2021-09-0918:33:00] [ DEBUG] [OdontologoDaoH2:92] Buscando todos los odontologos
[2021-09-0918:38:18] [ DEBUG] [OdontologoDaoH2:92] Buscando todos los odontologos
[2021-09-0918:43:52] [ DEBUG] [OdontologoDaoH2:92] Buscando todos los odontologos
[2021-09-0919:02:28] [ DEBUG] [OdontologoDaoH2:92] Buscando todos los odontologos
[2021-09-0919:02:48] [ DEBUG] [OdontologoDaoH2:92] Buscando todos los odontologos
[2021-09-0919:05:36] [ DEBUG] [PacienteDaoH2:32] Registrando paciente : Paciente{id=null, nombre='Ignacio2', apellido='Vivas', dni='123', fechaIngreso=Thu Sep 09 19:05:36 COT 2021, domicilio=Domicilio{id=null, calle='calle las palmas', numero='153', localidad='Morón', provincia='Buenos Aires'}}
[2021-09-0919:05:42] [ DEBUG] [PacienteDaoH2:32] Registrando paciente : Paciente{id=null, nombre='Ignacio1', apellido='Vivas', dni='123', fechaIngreso=Thu Sep 09 19:05:42 COT 2021, domicilio=Domicilio{id=null, calle='calle las palmas', numero='153', localidad='Morón', provincia='Buenos Aires'}}
[2021-09-0919:05:46] [ DEBUG] [PacienteDaoH2:85] Buscando todos los pacientes
[2021-09-0919:05:58] [ DEBUG] [PacienteDaoH2:53] Buscando paciente con id  : 2
[2021-09-0919:07:49] [ DEBUG] [PacienteDaoH2:85] Buscando todos los pacientes
[2021-09-0919:07:58] [ DEBUG] [PacienteDaoH2:53] Buscando paciente con id  : 2
[2021-09-0919:09:04] [ DEBUG] [PacienteDaoH2:53] Buscando paciente con id  : 1
[2021-09-0919:09:04] [ DEBUG] [PacienteDaoH2:109] Actualizando un paciente: Paciente{id=1, nombre='Ignacio10', apellido='Vivas', dni='123', fechaIngreso=Wed Aug 05 19:00:00 COT 2020, domicilio=Domicilio{id=null, calle='calle las palmas', numero='153', localidad='Morón', provincia='Buenos Aires'}}
[2021-09-0919:09:10] [ DEBUG] [PacienteDaoH2:53] Buscando paciente con id  : 1
[2021-09-0919:09:10] [ DEBUG] [PacienteDaoH2:109] Actualizando un paciente: Paciente{id=1, nombre='Ignacio11', apellido='Vivas', dni='123', fechaIngreso=Wed Aug 05 19:00:00 COT 2020, domicilio=Domicilio{id=null, calle='calle las palmas', numero='153', localidad='Morón', provincia='Buenos Aires'}}
[2021-09-0919:29:45] [ DEBUG] [PacienteDaoH2:32] Registrando paciente : Paciente{id=null, nombre='Ignacio2', apellido='Vivas', dni='123', fechaIngreso=Thu Sep 09 19:29:45 COT 2021, domicilio=Domicilio{id=null, calle='calle las palmas', numero='153', localidad='Morón', provincia='Buenos Aires'}}
[2021-09-0919:59:17] [ DEBUG] [PacienteDaoH2:35] Registrando paciente : Paciente{id=null, nombre='Ignacio2', apellido='Vivas', dni='123', fechaIngreso=Thu Sep 09 19:59:17 COT 2021, domicilio=Domicilio{id=null, calle='calle las palmas', numero='153', localidad='Morón', provincia='Buenos Aires'}}
[2021-09-0920:22:36] [ DEBUG] [OdontologoDaoH2:31] Registrando nuevo odontologo : Odontologo{id=null, nombre='Ignacio2', apellido='Vivas', matricula=1}
[2021-09-0920:22:48] [ DEBUG] [PacienteDaoH2:32] Registrando paciente : Paciente{id=null, nombre='Ignacio2', apellido='Vivas', dni='123', fechaIngreso=Thu Sep 09 20:22:48 COT 2021, domicilio=Domicilio{id=null, calle='calle las palmas', numero='153', localidad='Morón', provincia='Buenos Aires'}}
[2021-09-0920:23:04] [ DEBUG] [OdontologoDaoH2:92] Buscando todos los odontologos
[2021-09-0920:23:11] [ DEBUG] [OdontologoDaoH2:31] Registrando nuevo odontologo : Odontologo{id=null, nombre='s', apellido='jobs', matricula=333}
[2021-09-0920:23:14] [ DEBUG] [OdontologoDaoH2:92] Buscando todos los odontologos
[2021-09-1014:32:27] [ DEBUG] [OdontologoDaoH2:92] Buscando todos los odontologos
[2021-09-1014:32:51] [ DEBUG] [OdontologoDaoH2:31] Registrando nuevo odontologo : Odontologo{id=null, nombre='JAVIER', apellido='Perez', matricula=10}
[2021-09-1014:32:53] [ DEBUG] [OdontologoDaoH2:92] Buscando todos los odontologos
[2021-09-1014:35:54] [ DEBUG] [OdontologoDaoH2:92] Buscando todos los odontologos
[2021-09-1014:36:05] [ DEBUG] [OdontologoDaoH2:31] Registrando nuevo odontologo : Odontologo{id=null, nombre='Javier', apellido='lopezq', matricula=12}
[2021-09-1014:36:06] [ DEBUG] [OdontologoDaoH2:92] Buscando todos los odontologos
[2021-09-1014:42:48] [ DEBUG] [OdontologoDaoH2:92] Buscando todos los odontologos
[2021-09-1014:42:51] [ DEBUG] [OdontologoDaoH2:92] Buscando todos los odontologos
[2021-09-1014:42:58] [ DEBUG] [OdontologoDaoH2:92] Buscando todos los odontologos
[2021-09-1014:43:50] [ DEBUG] [OdontologoDaoH2:31] Registrando nuevo odontologo : Odontologo{id=null, nombre='angel', apellido='vargas', matricula=3}
[2021-09-1014:44:12] [ DEBUG] [OdontologoDaoH2:92] Buscando todos los odontologos
[2021-09-1014:44:28] [ DEBUG] [OdontologoDaoH2:92] Buscando todos los odontologos
[2021-09-1014:44:35] [ DEBUG] [OdontologoDaoH2:92] Buscando todos los odontologos
[2021-09-1014:58:31] [ DEBUG] [OdontologoDaoH2:94] Buscando todos los odontologos
[2021-09-1014:58:42] [ DEBUG] [OdontologoDaoH2:33] Registrando nuevo odontologo : Odontologo{id=null, nombre='Jose', apellido='lopez', matricula=5}
[2021-09-1014:58:46] [ DEBUG] [OdontologoDaoH2:94] Buscando todos los odontologos
[2021-09-1019:36:56] [ DEBUG] [OdontologoDaoH2:33] Registrando nuevo odontologo : Odontologo{id=null, nombre='Luis', apellido='Candamo', matricula=123}
[2021-09-1019:39:25] [ DEBUG] [OdontologoDaoH2:94] Buscando todos los odontologos
[2021-09-1019:39:33] [ DEBUG] [PacienteDaoH2:87] Buscando todos los pacientes
[2021-09-1019:39:53] [ DEBUG] [OdontologoDaoH2:94] Buscando todos los odontologos
[2021-09-1019:40:35] [ DEBUG] [PacienteDaoH2:87] Buscando todos los pacientes
[2021-09-1019:40:44] [ DEBUG] [PacienteDaoH2:87] Buscando todos los pacientes
[2021-09-1019:41:51] [ DEBUG] [PacienteDaoH2:34] Registrando paciente : Paciente{id=null, nombre='Ignacio2', apellido='Vivas', dni='123', fechaIngreso=Fri Sep 10 19:41:51 COT 2021, domicilio=Domicilio{id=null, calle='calle las palmas', numero='153', localidad='Morón', provincia='Buenos Aires'}}
[2021-09-1019:42:07] [ DEBUG] [PacienteDaoH2:87] Buscando todos los pacientes
[2021-09-1019:42:25] [ DEBUG] [OdontologoDaoH2:94] Buscando todos los odontologos
[2021-09-1020:18:29] [ DEBUG] [PacienteDaoH2:87] Buscando todos los pacientes
[2021-09-1020:18:31] [ DEBUG] [OdontologoDaoH2:94] Buscando todos los odontologos
[2021-09-1020:29:52] [ DEBUG] [PacienteDaoH2:55] Buscando paciente con id  : 1
[2021-09-1020:29:52] [ DEBUG] [OdontologoDaoH2:55] Buscando odontologo con id : 1
[2021-09-1020:37:27] [ DEBUG] [PacienteDaoH2:55] Buscando paciente con id  : 1
[2021-09-1020:37:37] [ DEBUG] [PacienteDaoH2:55] Buscando paciente con id  : 1
[2021-09-1208:19:44] [ DEBUG] [OdontologoDaoH2:94] Buscando todos los odontologos
[2021-09-1208:19:50] [ DEBUG] [OdontologoDaoH2:94] Buscando todos los odontologos
[2021-09-1208:20:02] [ DEBUG] [OdontologoDaoH2:33] Registrando nuevo odontologo : Odontologo{id=null, nombre='Liliana', apellido='Perez', matricula=5}
[2021-09-1208:20:05] [ DEBUG] [OdontologoDaoH2:94] Buscando todos los odontologos
[2021-09-1208:20:16] [ DEBUG] [OdontologoDaoH2:55] Buscando odontologo con id : 1
[2021-09-1208:20:35] [ DEBUG] [OdontologoDaoH2:94] Buscando todos los odontologos
[2021-09-1208:20:40] [ DEBUG] [OdontologoDaoH2:55] Buscando odontologo con id : 1
[2021-09-1208:23:13] [ DEBUG] [OdontologoDaoH2:94] Buscando todos los odontologos
[2021-09-1208:23:17] [ DEBUG] [OdontologoDaoH2:94] Buscando todos los odontologos
[2021-09-1208:23:23] [ DEBUG] [OdontologoDaoH2:94] Buscando todos los odontologos
[2021-09-1208:23:49] [ DEBUG] [OdontologoDaoH2:94] Buscando todos los odontologos
[2021-09-1208:23:54] [ DEBUG] [OdontologoDaoH2:33] Registrando nuevo odontologo : Odontologo{id=null, nombre='qq', apellido='wqewe', matricula=1795806}
[2021-09-1208:23:56] [ DEBUG] [OdontologoDaoH2:94] Buscando todos los odontologos
[2021-09-1208:24:07] [ DEBUG] [OdontologoDaoH2:94] Buscando todos los odontologos
[2021-09-1310:30:46] [ DEBUG] [OdontologoDaoH2:94] Buscando todos los odontologos
[2021-09-1310:30:51] [ DEBUG] [OdontologoDaoH2:33] Registrando nuevo odontologo : Odontologo{id=null, nombre='wewq', apellido='wqrer', matricula=1795806}
[2021-09-1310:30:53] [ DEBUG] [OdontologoDaoH2:94] Buscando todos los odontologos
[2021-09-1310:46:14] [ DEBUG] [OdontologoDaoH2:94] Buscando todos los odontologos
[2021-09-1310:46:22] [ DEBUG] [OdontologoDaoH2:33] Registrando nuevo odontologo : Odontologo{id=null, nombre='s', apellido='jobs', matricula=1795806}
[2021-09-1310:46:28] [ DEBUG] [OdontologoDaoH2:33] Registrando nuevo odontologo : Odontologo{id=null, nombre='wewq', apellido='rios', matricula=1795806}
[2021-09-1310:46:29] [ DEBUG] [OdontologoDaoH2:94] Buscando todos los odontologos
[2021-09-1310:46:34] [ DEBUG] [OdontologoDaoH2:94] Buscando todos los odontologos
[2021-09-1310:46:37] [ DEBUG] [OdontologoDaoH2:94] Buscando todos los odontologos
[2021-09-1310:49:48] [ DEBUG] [OdontologoDaoH2:33] Registrando nuevo odontologo : Odontologo{id=null, nombre='Santiago', apellido='Paz', matricula=3455647}
[2021-09-1310:49:49] [ DEBUG] [OdontologoDaoH2:77] Borrando odontologo con id : 1
[2021-09-1310:49:49] [ DEBUG] [OdontologoDaoH2:55] Buscando odontologo con id : 1
[2021-09-1310:49:49] [ DEBUG] [OdontologoDaoH2:33] Registrando nuevo odontologo : Odontologo{id=null, nombre='Juan', apellido='Ramirez', matricula=348971960}
[2021-09-1310:49:49] [ DEBUG] [OdontologoDaoH2:94] Buscando todos los odontologos
[2021-09-1310:50:01] [ DEBUG] [PacienteDaoH2:34] Registrando paciente : Paciente{id=null, nombre='Santiago', apellido='Paz', dni='88888888', fechaIngreso=Mon Sep 13 10:50:01 COT 2021, domicilio=Domicilio{id=null, calle='Av Santa fe', numero='444', localidad='CABA', provincia='Buenos Aires'}}
[2021-09-1310:50:01] [ DEBUG] [PacienteDaoH2:34] Registrando paciente : Paciente{id=null, nombre='Micaela', apellido='Perez', dni='99999999', fechaIngreso=Mon Sep 13 10:50:01 COT 2021, domicilio=Domicilio{id=1, calle='Av Santa fe', numero='444', localidad='CABA', provincia='Buenos Aires'}}
[2021-09-1310:50:01] [ DEBUG] [PacienteDaoH2:34] Registrando paciente : Paciente{id=null, nombre='Tomas', apellido='Pereyra', dni='12345678', fechaIngreso=Mon Sep 13 10:50:01 COT 2021, domicilio=Domicilio{id=null, calle='Calle', numero='123', localidad='Temperley', provincia='Buenos Aires'}}
[2021-09-1310:50:01] [ DEBUG] [PacienteDaoH2:55] Buscando paciente con id  : 3
[2021-09-1310:50:01] [ DEBUG] [PacienteDaoH2:78] Eliminando paciente con id  : 3
[2021-09-1310:50:01] [ DEBUG] [PacienteDaoH2:55] Buscando paciente con id  : 3
[2021-09-1310:50:01] [ DEBUG] [PacienteDaoH2:87] Buscando todos los pacientes
[2021-09-1610:10:22] [ DEBUG] [PacienteDaoH2:34] Registrando paciente : Paciente{id=null, nombre='Santiago', apellido='Paz', dni='88888888', fechaIngreso=Thu Sep 16 10:10:22 COT 2021, domicilio=Domicilio{id=null, calle='Av Santa fe', numero='444', localidad='CABA', provincia='Buenos Aires'}}
[2021-09-1610:10:22] [ DEBUG] [PacienteDaoH2:34] Registrando paciente : Paciente{id=null, nombre='Micaela', apellido='Perez', dni='99999999', fechaIngreso=Thu Sep 16 10:10:22 COT 2021, domicilio=Domicilio{id=1, calle='Av Santa fe', numero='444', localidad='CABA', provincia='Buenos Aires'}}
[2021-09-1610:10:22] [ DEBUG] [PacienteDaoH2:34] Registrando paciente : Paciente{id=null, nombre='Tomas', apellido='Pereyra', dni='12345678', fechaIngreso=Thu Sep 16 10:10:22 COT 2021, domicilio=Domicilio{id=null, calle='Calle', numero='123', localidad='Temperley', provincia='Buenos Aires'}}
[2021-09-1610:10:22] [ DEBUG] [PacienteDaoH2:55] Buscando paciente con id  : 3
[2021-09-1610:10:22] [ DEBUG] [PacienteDaoH2:78] Eliminando paciente con id  : 3
[2021-09-1610:10:22] [ DEBUG] [PacienteDaoH2:55] Buscando paciente con id  : 3
[2021-09-1610:10:22] [ DEBUG] [PacienteDaoH2:87] Buscando todos los pacientes
