[2021-09-2517:23:21] [ INFO ] [OdontologoService:41] Buscando todos los odontologos...
[2021-09-2517:42:55] [ INFO ] [OdontologoService:41] Buscando todos los odontologos...
[2021-09-2518:28:57] [ INFO ] [OdontologoService:41] Buscando todos los odontologos...
[2021-09-2518:30:47] [ INFO ] [PacienteService:30] Guardando un paciente...
[2021-09-2518:33:32] [ INFO ] [PacienteService:30] Guardando un paciente...
[2021-09-2518:35:18] [ INFO ] [PacienteService:30] Guardando un paciente...
[2021-09-2518:35:49] [ INFO ] [PacienteService:42] Buscando todos los pacientes...
[2021-09-2518:36:25] [ INFO ] [PacienteService:30] Guardando un paciente...
[2021-09-2518:39:10] [ INFO ] [PacienteService:30] Guardando un paciente...
[2021-09-2518:42:45] [ INFO ] [PacienteService:30] Guardando un paciente...
[2021-09-2518:43:11] [ INFO ] [PacienteService:30] Guardando un paciente...
[2021-09-2518:43:29] [ INFO ] [PacienteService:42] Buscando todos los pacientes...
[2021-09-2518:43:56] [ INFO ] [PacienteService:30] Guardando un paciente...
[2021-09-2518:46:37] [ INFO ] [PacienteService:30] Guardando un paciente...
[2021-09-2521:04:25] [ INFO ] [PacienteService:42] Buscando todos los pacientes...
[2021-09-2521:04:40] [ INFO ] [PacienteService:30] Guardando un paciente...
[2021-09-2521:04:42] [ INFO ] [PacienteService:42] Buscando todos los pacientes...
[2021-09-2521:04:55] [ INFO ] [PacienteService:42] Buscando todos los pacientes...
[2021-09-2521:06:03] [ INFO ] [PacienteService:42] Buscando todos los pacientes...
[2021-09-2521:06:46] [ INFO ] [PacienteService:42] Buscando todos los pacientes...
[2021-09-2521:07:04] [ INFO ] [PacienteService:42] Buscando todos los pacientes...
[2021-09-2521:07:37] [ INFO ] [PacienteService:42] Buscando todos los pacientes...
[2021-09-2521:07:45] [ INFO ] [PacienteService:42] Buscando todos los pacientes...
[2021-09-2521:08:56] [ INFO ] [PacienteService:42] Buscando todos los pacientes...
[2021-09-2521:09:09] [ INFO ] [PacienteService:30] Guardando un paciente...
[2021-09-2521:09:15] [ INFO ] [PacienteService:42] Buscando todos los pacientes...
[2021-09-2521:10:10] [ INFO ] [PacienteService:30] Guardando un paciente...
[2021-09-2521:10:40] [ INFO ] [PacienteService:42] Buscando todos los pacientes...
[2021-09-2521:11:11] [ INFO ] [PacienteService:42] Buscando todos los pacientes...
[2021-09-2521:14:31] [ INFO ] [PacienteService:30] Guardando un paciente...
[2021-09-2521:14:34] [ INFO ] [PacienteService:42] Buscando todos los pacientes...
[2021-09-2521:15:01] [ INFO ] [PacienteService:30] Guardando un paciente...
[2021-09-2521:15:03] [ INFO ] [PacienteService:42] Buscando todos los pacientes...
[2021-09-2521:16:57] [ INFO ] [PacienteService:42] Buscando todos los pacientes...
[2021-09-2521:17:15] [ INFO ] [PacienteService:30] Guardando un paciente...
[2021-09-2521:17:16] [ INFO ] [PacienteService:42] Buscando todos los pacientes...
[2021-09-2521:19:10] [ INFO ] [OdontologoService:41] Buscando todos los odontologos...
[2021-09-2521:19:19] [ INFO ] [OdontologoService:29] Guardando un odontologo...
[2021-09-2521:19:20] [ INFO ] [OdontologoService:41] Buscando todos los odontologos...
[2021-09-2521:19:21] [ INFO ] [OdontologoService:41] Buscando todos los odontologos...
[2021-09-2521:19:25] [ INFO ] [OdontologoService:35] Buscando un odontologo...
[2021-09-2521:19:30] [ INFO ] [OdontologoService:35] Buscando un odontologo...
[2021-09-2521:19:30] [ INFO ] [OdontologoService:57] Actualizando un odontologo...
[2021-09-2521:19:47] [ INFO ] [PacienteService:42] Buscando todos los pacientes...
[2021-09-2521:19:59] [ INFO ] [PacienteService:30] Guardando un paciente...
[2021-09-2521:20:02] [ INFO ] [PacienteService:42] Buscando todos los pacientes...
[2021-09-2521:20:38] [ INFO ] [OdontologoService:41] Buscando todos los odontologos...
[2021-09-2521:23:34] [ INFO ] [PacienteService:30] Guardando un paciente...
[2021-09-2521:23:36] [ INFO ] [PacienteService:42] Buscando todos los pacientes...
[2021-09-2521:23:37] [ INFO ] [PacienteService:36] Buscando un paciente...
[2021-09-2521:23:37] [ INFO ] [PacienteService:67] Eliminando un paciente...
[2021-09-2521:23:53] [ INFO ] [PacienteService:42] Buscando todos los pacientes...
[2021-09-2521:24:11] [ INFO ] [PacienteService:30] Guardando un paciente...
[2021-09-2521:24:21] [ INFO ] [PacienteService:30] Guardando un paciente...
[2021-09-2521:24:22] [ INFO ] [PacienteService:42] Buscando todos los pacientes...
[2021-09-2521:24:30] [ INFO ] [PacienteService:42] Buscando todos los pacientes...
[2021-09-2521:24:33] [ INFO ] [PacienteService:36] Buscando un paciente...
[2021-09-2521:24:33] [ INFO ] [PacienteService:67] Eliminando un paciente...
[2021-09-2521:24:36] [ INFO ] [PacienteService:42] Buscando todos los pacientes...
[2021-09-2521:36:48] [ INFO ] [PacienteService:42] Buscando todos los pacientes...
[2021-09-2521:36:55] [ INFO ] [PacienteService:42] Buscando todos los pacientes...
[2021-09-2521:37:06] [ INFO ] [PacienteService:30] Guardando un paciente...
[2021-09-2521:37:07] [ INFO ] [PacienteService:42] Buscando todos los pacientes...
[2021-09-2521:37:08] [ INFO ] [PacienteService:36] Buscando un paciente...
[2021-09-2521:37:13] [ INFO ] [PacienteService:36] Buscando un paciente...
[2021-09-2521:37:36] [ INFO ] [PacienteService:36] Buscando un paciente...
[2021-09-2521:38:58] [ INFO ] [OdontologoService:41] Buscando todos los odontologos...
[2021-09-2521:39:01] [ INFO ] [OdontologoService:41] Buscando todos los odontologos...
[2021-09-2521:39:07] [ INFO ] [OdontologoService:41] Buscando todos los odontologos...
[2021-09-2521:40:19] [ INFO ] [PacienteService:42] Buscando todos los pacientes...
[2021-09-2521:40:24] [ INFO ] [PacienteService:36] Buscando un paciente...
[2021-09-2521:40:33] [ INFO ] [PacienteService:36] Buscando un paciente...
[2021-09-2521:44:15] [ INFO ] [PacienteService:30] Guardando un paciente...
[2021-09-2521:44:17] [ INFO ] [PacienteService:42] Buscando todos los pacientes...
[2021-09-2521:44:18] [ INFO ] [PacienteService:36] Buscando un paciente...
[2021-09-2521:45:14] [ INFO ] [PacienteService:42] Buscando todos los pacientes...
[2021-09-2521:45:46] [ INFO ] [PacienteService:36] Buscando un paciente...
[2021-09-2521:45:46] [ INFO ] [PacienteService:60] Actualizando un paciente...
[2021-09-2521:45:53] [ INFO ] [PacienteService:36] Buscando un paciente...
[2021-09-2521:45:53] [ INFO ] [PacienteService:60] Actualizando un paciente...
[2021-09-2521:46:05] [ INFO ] [PacienteService:36] Buscando un paciente...
[2021-09-2521:46:05] [ INFO ] [PacienteService:60] Actualizando un paciente...
[2021-09-2521:46:10] [ INFO ] [PacienteService:36] Buscando un paciente...
[2021-09-2521:46:10] [ INFO ] [PacienteService:60] Actualizando un paciente...
